============================= test session starts =============================
platform win32 -- Python 3.12.10, pytest-9.0.2, pluggy-1.6.0
rootdir: C:\Users\ayush\Downloads\project\project-chronos
plugins: anyio-4.12.1, langsmith-0.7.20
collected 47 items / 1 error

=================================== ERRORS ====================================
____________________ ERROR collecting tests/test_phase3.py ____________________
tests\test_phase3.py:20: in <module>
    from app.pipeline import ChronosPipeline
app\pipeline.py:39: in <module>
    class ChronosPipeline:
app\pipeline.py:325: in ChronosPipeline
    def get_ml_state(self, patient_id: str) -> Dict[str, Any]:
                                                         ^^^
E   NameError: name 'Any' is not defined
=========================== short test summary info ===========================
ERROR tests/test_phase3.py - NameError: name 'Any' is not defined
!!!!!!!!!!!!!!!!!!! Interrupted: 1 error during collection !!!!!!!!!!!!!!!!!!!!
============================== 1 error in 1.10s ===============================
